# JRE version: Java(TM) SE Runtime Environment (21.0.2+13) (build 21.0.2+13-LTS-58)
# Java VM: Java HotSpot(TM) 64-Bit Server VM (21.0.2+13-LTS-58, mixed mode, sharing, tiered, compressed oops, compressed class ptrs, g1 gc, windows-amd64)
GC Precious Log:
 CardTable entry size: 512
 Card Set container configuration: InlinePtr #cards 4 size 8 Array Of Cards #cards 32 size 80 Howl #buckets 8 coarsen threshold 7372 Howl Bitmap #cards 1024 size 144 coarsen threshold 921 Card regions per heap region 1 cards per card region 8192
 CPUs: 16 total, 16 available
 Memory: 32718M
 Large Page Support: Disabled
 NUMA Support: Disabled
 Compressed Oops: Enabled (Zero based)
 Heap Region Size: 4M
 Heap Min Capacity: 8M
 Heap Initial Capacity: 512M
 Heap Max Capacity: 8180M
 Pre-touch: Disabled
 Parallel Workers: 13
 Concurrent Workers: 3
 Concurrent Refinement Workers: 13
 Periodic GC: Disabled
Heap:
 garbage-first heap   total 524288K, used 237306K [0x0000000600c00000, 0x0000000800000000)
  region size 4096K, 59 young (241664K), 2 survivors (8192K)
 Metaspace       used 19247K, committed 19712K, reserved 1114112K
  class space    used 2126K, committed 2368K, reserved 1048576K
GC Heap History (12 events):
Event: 0.589 GC heap before
{Heap before GC invocations=0 (full 0):
 garbage-first heap   total 524288K, used 20480K [0x0000000600c00000, 0x0000000800000000)
  region size 4096K, 6 young (24576K), 0 survivors (0K)
 Metaspace       used 6205K, committed 6528K, reserved 1114112K
  class space    used 672K, committed 832K, reserved 1048576K
}
Event: 0.593 GC heap after
{Heap after GC invocations=1 (full 0):
 garbage-first heap   total 524288K, used 3950K [0x0000000600c00000, 0x0000000800000000)
  region size 4096K, 1 young (4096K), 1 survivors (4096K)
 Metaspace       used 6205K, committed 6528K, reserved 1114112K
  class space    used 672K, committed 832K, reserved 1048576K
}
Event: 2.458 GC heap before
{Heap before GC invocations=1 (full 0):
 garbage-first heap   total 524288K, used 32622K [0x0000000600c00000, 0x0000000800000000)
  region size 4096K, 9 young (36864K), 1 survivors (4096K)
 Metaspace       used 15978K, committed 16384K, reserved 1114112K
  class space    used 1856K, committed 2048K, reserved 1048576K
}
Event: 2.464 GC heap after
{Heap after GC invocations=2 (full 0):
 garbage-first heap   total 524288K, used 7176K [0x0000000600c00000, 0x0000000800000000)
  region size 4096K, 2 young (8192K), 2 survivors (8192K)
 Metaspace       used 15978K, committed 16384K, reserved 1114112K
  class space    used 1856K, committed 2048K, reserved 1048576K
}
Event: 13.594 GC heap before
{Heap before GC invocations=2 (full 0):
 garbage-first heap   total 524288K, used 93192K [0x0000000600c00000, 0x0000000800000000)
  region size 4096K, 24 young (98304K), 2 survivors (8192K)
 Metaspace       used 18272K, committed 18688K, reserved 1114112K
  class space    used 2098K, committed 2304K, reserved 1048576K
}
Event: 13.600 GC heap after
{Heap after GC invocations=3 (full 0):
 garbage-first heap   total 524288K, used 7639K [0x0000000600c00000, 0x0000000800000000)
  region size 4096K, 1 young (4096K), 1 survivors (4096K)
 Metaspace       used 18272K, committed 18688K, reserved 1114112K
  class space    used 2098K, committed 2304K, reserved 1048576K
}
Event: 58.277 GC heap before
{Heap before GC invocations=3 (full 0):
 garbage-first heap   total 524288K, used 310743K [0x0000000600c00000, 0x0000000800000000)
  region size 4096K, 76 young (311296K), 1 survivors (4096K)
 Metaspace       used 18915K, committed 19328K, reserved 1114112K
  class space    used 2103K, committed 2304K, reserved 1048576K
}
Event: 58.280 GC heap after
{Heap after GC invocations=4 (full 0):
 garbage-first heap   total 524288K, used 7837K [0x0000000600c00000, 0x0000000800000000)
  region size 4096K, 1 young (4096K), 1 survivors (4096K)
 Metaspace       used 18915K, committed 19328K, reserved 1114112K
  class space    used 2103K, committed 2304K, reserved 1048576K
}
Event: 97.395 GC heap before
{Heap before GC invocations=4 (full 0):
 garbage-first heap   total 524288K, used 315037K [0x0000000600c00000, 0x0000000800000000)
  region size 4096K, 76 young (311296K), 1 survivors (4096K)
 Metaspace       used 19109K, committed 19520K, reserved 1114112K
  class space    used 2118K, committed 2304K, reserved 1048576K
}
Event: 97.398 GC heap after
{Heap after GC invocations=5 (full 0):
 garbage-first heap   total 524288K, used 7873K [0x0000000600c00000, 0x0000000800000000)
  region size 4096K, 1 young (4096K), 1 survivors (4096K)
 Metaspace       used 19109K, committed 19520K, reserved 1114112K
  class space    used 2118K, committed 2304K, reserved 1048576K
}
Event: 126.762 GC heap before
{Heap before GC invocations=5 (full 0):
 garbage-first heap   total 524288K, used 315073K [0x0000000600c00000, 0x0000000800000000)
  region size 4096K, 76 young (311296K), 1 survivors (4096K)
 Metaspace       used 19195K, committed 19712K, reserved 1114112K
  class space    used 2126K, committed 2368K, reserved 1048576K
}
Event: 126.765 GC heap after
{Heap after GC invocations=6 (full 0):
 garbage-first heap   total 524288K, used 7930K [0x0000000600c00000, 0x0000000800000000)
  region size 4096K, 2 young (8192K), 2 survivors (8192K)
 Metaspace       used 19195K, committed 19712K, reserved 1114112K
  class space    used 2126K, committed 2368K, reserved 1048576K
}

